<?xml version="1.0" encoding="UTF-8"?>
<testsuites name="jest tests" tests="13" failures="0" errors="0" time="0.796">
  <testsuite name="dataUpdateService" errors="0" failures="0" skipped="0" timestamp="2025-04-22T17:37:45" time="0.579" tests="13">
    <testcase classname="dataUpdateService fetchAndUpdateAllBeers should return false if API URL is not set" name="dataUpdateService fetchAndUpdateAllBeers should return false if API URL is not set" time="0.002">
    </testcase>
    <testcase classname="dataUpdateService fetchAndUpdateAllBeers should return false if fetch fails" name="dataUpdateService fetchAndUpdateAllBeers should return false if fetch fails" time="0.001">
    </testcase>
    <testcase classname="dataUpdateService fetchAndUpdateAllBeers should return false if response is not an array" name="dataUpdateService fetchAndUpdateAllBeers should return false if response is not an array" time="0.003">
    </testcase>
    <testcase classname="dataUpdateService fetchAndUpdateAllBeers should return false if response does not contain brewInStock" name="dataUpdateService fetchAndUpdateAllBeers should return false if response does not contain brewInStock" time="0">
    </testcase>
    <testcase classname="dataUpdateService fetchAndUpdateAllBeers should successfully update all beers" name="dataUpdateService fetchAndUpdateAllBeers should successfully update all beers" time="0.001">
    </testcase>
    <testcase classname="dataUpdateService fetchAndUpdateAllBeers should handle errors during update" name="dataUpdateService fetchAndUpdateAllBeers should handle errors during update" time="0.001">
    </testcase>
    <testcase classname="dataUpdateService fetchAndUpdateMyBeers should return false if API URL is not set" name="dataUpdateService fetchAndUpdateMyBeers should return false if API URL is not set" time="0">
    </testcase>
    <testcase classname="dataUpdateService fetchAndUpdateMyBeers should return false if fetch fails" name="dataUpdateService fetchAndUpdateMyBeers should return false if fetch fails" time="0.001">
    </testcase>
    <testcase classname="dataUpdateService fetchAndUpdateMyBeers should return false if response is not an array" name="dataUpdateService fetchAndUpdateMyBeers should return false if response is not an array" time="0">
    </testcase>
    <testcase classname="dataUpdateService fetchAndUpdateMyBeers should return false if response does not contain tasted_brew_current_round" name="dataUpdateService fetchAndUpdateMyBeers should return false if response does not contain tasted_brew_current_round" time="0">
    </testcase>
    <testcase classname="dataUpdateService fetchAndUpdateMyBeers should return false if no valid beers with IDs are found" name="dataUpdateService fetchAndUpdateMyBeers should return false if no valid beers with IDs are found" time="0.001">
    </testcase>
    <testcase classname="dataUpdateService fetchAndUpdateMyBeers should successfully update my beers" name="dataUpdateService fetchAndUpdateMyBeers should successfully update my beers" time="0">
    </testcase>
    <testcase classname="dataUpdateService fetchAndUpdateMyBeers should handle errors during update" name="dataUpdateService fetchAndUpdateMyBeers should handle errors during update" time="0">
    </testcase>
  </testsuite>
</testsuites>