<?xml version="1.0" encoding="UTF-8"?>
<testsuites name="jest tests" tests="2" failures="0" errors="0" time="0.455">
  <testsuite name="manualRefreshAllData" errors="0" failures="0" skipped="0" timestamp="2025-09-12T15:09:56" time="0.18" tests="2">
    <testcase classname="manualRefreshAllData refreshes core endpoints and returns no errors when both succeed" name="manualRefreshAllData refreshes core endpoints and returns no errors when both succeed" time="0.002">
    </testcase>
    <testcase classname="manualRefreshAllData handles partial failure and sets hasErrors" name="manualRefreshAllData handles partial failure and sets hasErrors" time="0">
    </testcase>
  </testsuite>
</testsuites>